Вздыхать и думать про себя:
Его пример другим наука;
Ему подушки поправлять,
И лучше выдумать не мог.
Какое низкое коварство
Когда же черт возьмет тебя!
Когда не в шутку занемог,
Мой дядя самых честных правил,
Не отходя ни шагу прочь!
Но, боже мой, какая скука
Он уважать себя заставил
Печально подносить лекарство,
Полуживого забавлять,
С больным сидеть и день и ночь,

Его пример другим наука;
Но, боже мой, какая скука
И лучше выдумать не мог.
Когда не в шутку занемог,
Мой дядя самых честных правил,
Он уважать себя заставил
Какое низкое коварство
Печально подносить лекарство,
Полуживого забавлять,
Ему подушки поправлять,
С больным сидеть и день и ночь,
Не отходя ни шагу прочь!
Вздыхать и думать про себя:
Когда же черт возьмет тебя!

